{
  message: 'DB connected',
  level: 'info',
  label: 'PH',
  timestamp: '2023-06-06T19:00:05.668Z'
}
{
  message: 'Example app listening on port 5000',
  level: 'info',
  label: 'PH',
  timestamp: '2023-06-06T19:00:05.674Z'
}
{
  message: 'SIGTERM is received',
  level: 'info',
  label: 'PH',
  timestamp: '2023-06-06T19:03:56.402Z'
}
{
  message: 'DB connected',
  level: 'info',
  label: 'PH',
  timestamp: '2023-06-06T19:08:00.001Z'
}
{
  message: 'Example app listening on port 5000',
  level: 'info',
  label: 'PH',
  timestamp: '2023-06-06T19:08:00.008Z'
}
{
  message: 'DB connected',
  level: 'info',
  label: 'PH',
  timestamp: '2023-06-06T19:27:39.620Z'
}
{
  message: 'Example app listening on port 5000',
  level: 'info',
  label: 'PH',
  timestamp: '2023-06-06T19:27:39.627Z'
}
{
  message: 'SIGTERM is received',
  level: 'info',
  label: 'PH',
  timestamp: '2023-06-06T19:34:32.110Z'
}
{
  message: 'DB connected',
  level: 'info',
  label: 'PH',
  timestamp: '2023-06-06T19:42:26.115Z'
}
{
  message: 'Example app listening on port 5000',
  level: 'info',
  label: 'PH',
  timestamp: '2023-06-06T19:42:26.123Z'
}
{
  message: 'DB connected',
  level: 'info',
  label: 'PH',
  timestamp: '2023-06-06T19:52:33.252Z'
}
{
  message: 'Example app listening on port 5000',
  level: 'info',
  label: 'PH',
  timestamp: '2023-06-06T19:52:33.259Z'
}
{
  message: 'SIGTERM is received',
  level: 'info',
  label: 'PH',
  timestamp: '2023-06-06T19:57:00.878Z'
}
