{
  message: 'DB connected',
  level: 'info',
  label: 'PH',
  timestamp: '2023-06-12T15:24:47.956Z'
}
{
  message: 'Example app listening on port 5000',
  level: 'info',
  label: 'PH',
  timestamp: '2023-06-12T15:24:47.965Z'
}
{
  message: 'SIGTERM is received',
  level: 'info',
  label: 'PH',
  timestamp: '2023-06-12T15:25:18.273Z'
}
{
  message: 'DB connected',
  level: 'info',
  label: 'PH',
  timestamp: '2023-06-12T15:30:06.557Z'
}
{
  message: 'Example app listening on port 5000',
  level: 'info',
  label: 'PH',
  timestamp: '2023-06-12T15:30:06.564Z'
}
{
  message: 'SIGTERM is received',
  level: 'info',
  label: 'PH',
  timestamp: '2023-06-12T15:32:16.572Z'
}
{
  message: 'DB connected',
  level: 'info',
  label: 'PH',
  timestamp: '2023-06-12T15:35:49.987Z'
}
{
  message: 'Example app listening on port 5000',
  level: 'info',
  label: 'PH',
  timestamp: '2023-06-12T15:35:49.994Z'
}
{
  message: 'DB connected',
  level: 'info',
  label: 'PH',
  timestamp: '2023-06-12T15:37:44.912Z'
}
{
  message: 'Example app listening on port 5000',
  level: 'info',
  label: 'PH',
  timestamp: '2023-06-12T15:37:44.919Z'
}
{
  message: 'DB connected',
  level: 'info',
  label: 'PH',
  timestamp: '2023-06-12T15:38:56.255Z'
}
{
  message: 'Example app listening on port 5000',
  level: 'info',
  label: 'PH',
  timestamp: '2023-06-12T15:38:56.262Z'
}
{
  message: 'DB connected',
  level: 'info',
  label: 'PH',
  timestamp: '2023-06-12T15:40:47.388Z'
}
{
  message: 'Example app listening on port 5000',
  level: 'info',
  label: 'PH',
  timestamp: '2023-06-12T15:40:47.394Z'
}
{
  message: 'DB connected',
  level: 'info',
  label: 'PH',
  timestamp: '2023-06-12T15:40:53.248Z'
}
{
  message: 'Example app listening on port 5000',
  level: 'info',
  label: 'PH',
  timestamp: '2023-06-12T15:40:53.255Z'
}
{
  message: 'DB connected',
  level: 'info',
  label: 'PH',
  timestamp: '2023-06-12T15:41:51.991Z'
}
{
  message: 'Example app listening on port 5000',
  level: 'info',
  label: 'PH',
  timestamp: '2023-06-12T15:41:51.997Z'
}
{
  message: 'DB connected',
  level: 'info',
  label: 'PH',
  timestamp: '2023-06-12T15:45:37.235Z'
}
{
  message: 'Example app listening on port 5000',
  level: 'info',
  label: 'PH',
  timestamp: '2023-06-12T15:45:37.242Z'
}
{
  message: 'DB connected',
  level: 'info',
  label: 'PH',
  timestamp: '2023-06-12T15:47:03.666Z'
}
{
  message: 'Example app listening on port 5000',
  level: 'info',
  label: 'PH',
  timestamp: '2023-06-12T15:47:03.672Z'
}
{
  message: 'DB connected',
  level: 'info',
  label: 'PH',
  timestamp: '2023-06-12T15:51:03.790Z'
}
{
  message: 'Example app listening on port 5000',
  level: 'info',
  label: 'PH',
  timestamp: '2023-06-12T15:51:03.797Z'
}
{
  message: 'DB connected',
  level: 'info',
  label: 'PH',
  timestamp: '2023-06-12T15:53:15.967Z'
}
{
  message: 'Example app listening on port 5000',
  level: 'info',
  label: 'PH',
  timestamp: '2023-06-12T15:53:15.974Z'
}
{
  message: 'DB connected',
  level: 'info',
  label: 'PH',
  timestamp: '2023-06-12T15:55:08.154Z'
}
{
  message: 'Example app listening on port 5000',
  level: 'info',
  label: 'PH',
  timestamp: '2023-06-12T15:55:08.161Z'
}
