{
  message: 'DB connected',
  level: 'info',
  label: 'PH',
  timestamp: '2023-06-13T13:09:45.651Z'
}
{
  message: 'Example app listening on port 5000',
  level: 'info',
  label: 'PH',
  timestamp: '2023-06-13T13:09:45.659Z'
}
{
  message: 'DB connected',
  level: 'info',
  label: 'PH',
  timestamp: '2023-06-13T13:12:24.577Z'
}
{
  message: 'Example app listening on port 5000',
  level: 'info',
  label: 'PH',
  timestamp: '2023-06-13T13:12:24.585Z'
}
{
  message: 'DB connected',
  level: 'info',
  label: 'PH',
  timestamp: '2023-06-13T13:16:25.942Z'
}
{
  message: 'Example app listening on port 5000',
  level: 'info',
  label: 'PH',
  timestamp: '2023-06-13T13:16:25.948Z'
}
{
  message: 'DB connected',
  level: 'info',
  label: 'PH',
  timestamp: '2023-06-13T13:17:06.317Z'
}
{
  message: 'Example app listening on port 5000',
  level: 'info',
  label: 'PH',
  timestamp: '2023-06-13T13:17:06.324Z'
}
{
  message: 'DB connected',
  level: 'info',
  label: 'PH',
  timestamp: '2023-06-13T13:20:19.256Z'
}
{
  message: 'Example app listening on port 5000',
  level: 'info',
  label: 'PH',
  timestamp: '2023-06-13T13:20:19.263Z'
}
{
  message: 'DB connected',
  level: 'info',
  label: 'PH',
  timestamp: '2023-06-13T13:21:15.652Z'
}
{
  message: 'Example app listening on port 5000',
  level: 'info',
  label: 'PH',
  timestamp: '2023-06-13T13:21:15.661Z'
}
{
  message: 'DB connected',
  level: 'info',
  label: 'PH',
  timestamp: '2023-06-13T13:26:17.741Z'
}
{
  message: 'Example app listening on port 5000',
  level: 'info',
  label: 'PH',
  timestamp: '2023-06-13T13:26:17.748Z'
}
