{
  message: 'SIGTERM is received',
  level: 'info',
  label: 'PH',
  timestamp: '2023-06-05T20:11:13.381Z'
}
{
  message: 'DB connected',
  level: 'info',
  label: 'PH',
  timestamp: '2023-06-05T20:12:13.347Z'
}
{
  message: 'Example app listening on port 5000',
  level: 'info',
  label: 'PH',
  timestamp: '2023-06-05T20:12:13.353Z'
}
{
  message: 'SIGTERM is received',
  level: 'info',
  label: 'PH',
  timestamp: '2023-06-05T20:13:15.854Z'
}
{
  message: 'DB connected',
  level: 'info',
  label: 'PH',
  timestamp: '2023-06-05T20:13:25.972Z'
}
{
  message: 'Example app listening on port 5000',
  level: 'info',
  label: 'PH',
  timestamp: '2023-06-05T20:13:25.979Z'
}
