{
  message: 'DB connected',
  level: 'info',
  label: 'PH',
  timestamp: '2023-06-14T18:00:43.813Z'
}
{
  message: 'Example app listening on port 5000',
  level: 'info',
  label: 'PH',
  timestamp: '2023-06-14T18:00:43.821Z'
}
{
  message: 'DB connected',
  level: 'info',
  label: 'PH',
  timestamp: '2023-06-14T18:10:48.373Z'
}
{
  message: 'Example app listening on port 5000',
  level: 'info',
  label: 'PH',
  timestamp: '2023-06-14T18:10:48.382Z'
}
{
  message: 'DB connected',
  level: 'info',
  label: 'PH',
  timestamp: '2023-06-14T18:13:58.265Z'
}
{
  message: 'Example app listening on port 5000',
  level: 'info',
  label: 'PH',
  timestamp: '2023-06-14T18:13:58.273Z'
}
{
  message: 'DB connected',
  level: 'info',
  label: 'PH',
  timestamp: '2023-06-14T18:14:08.000Z'
}
{
  message: 'Example app listening on port 5000',
  level: 'info',
  label: 'PH',
  timestamp: '2023-06-14T18:14:08.007Z'
}
{
  message: 'DB connected',
  level: 'info',
  label: 'PH',
  timestamp: '2023-06-14T18:15:06.117Z'
}
{
  message: 'Example app listening on port 5000',
  level: 'info',
  label: 'PH',
  timestamp: '2023-06-14T18:15:06.125Z'
}
{
  message: 'DB connected',
  level: 'info',
  label: 'PH',
  timestamp: '2023-06-14T18:15:18.286Z'
}
{
  message: 'Example app listening on port 5000',
  level: 'info',
  label: 'PH',
  timestamp: '2023-06-14T18:15:18.294Z'
}
{
  message: 'DB connected',
  level: 'info',
  label: 'PH',
  timestamp: '2023-06-14T18:15:44.940Z'
}
{
  message: 'Example app listening on port 5000',
  level: 'info',
  label: 'PH',
  timestamp: '2023-06-14T18:15:44.948Z'
}
{
  message: 'DB connected',
  level: 'info',
  label: 'PH',
  timestamp: '2023-06-14T18:26:47.717Z'
}
{
  message: 'Example app listening on port 5000',
  level: 'info',
  label: 'PH',
  timestamp: '2023-06-14T18:26:47.724Z'
}
